# JRE version: OpenJDK Runtime Environment (11.0.12+7) (build 11.0.12+7-b1504.28-7817840)
# Java VM: OpenJDK 64-Bit Server VM (11.0.12+7-b1504.28-7817840, mixed mode, tiered, compressed oops, g1 gc, windows-amd64)
Heap:
 garbage-first heap   total 563200K, used 277720K [0x0000000080000000, 0x0000000100000000)
  region size 1024K, 6 young (6144K), 6 survivors (6144K)
 Metaspace       used 146149K, capacity 150101K, committed 150272K, reserved 1179648K
  class space    used 18458K, capacity 19884K, committed 19968K, reserved 1048576K
GC Heap History (20 events):
Event: 62.848 GC heap after
{Heap after GC invocations=77 (full 0):
 garbage-first heap   total 225280K, used 184957K [0x0000000080000000, 0x0000000100000000)
  region size 1024K, 2 young (2048K), 2 survivors (2048K)
 Metaspace       used 129304K, capacity 132433K, committed 132480K, reserved 1165312K
  class space    used 16150K, capacity 17279K, committed 17280K, reserved 1048576K
}
Event: 63.194 GC heap before
{Heap before GC invocations=78 (full 0):
 garbage-first heap   total 225280K, used 188029K [0x0000000080000000, 0x0000000100000000)
  region size 1024K, 14 young (14336K), 2 survivors (2048K)
 Metaspace       used 129515K, capacity 132619K, committed 132736K, reserved 1165312K
  class space    used 16157K, capacity 17278K, committed 17280K, reserved 1048576K
}
Event: 63.202 GC heap after
{Heap after GC invocations=79 (full 0):
 garbage-first heap   total 225280K, used 178134K [0x0000000080000000, 0x0000000100000000)
  region size 1024K, 2 young (2048K), 2 survivors (2048K)
 Metaspace       used 129515K, capacity 132619K, committed 132736K, reserved 1165312K
  class space    used 16157K, capacity 17278K, committed 17280K, reserved 1048576K
}
Event: 63.379 GC heap before
{Heap before GC invocations=79 (full 0):
 garbage-first heap   total 225280K, used 186326K [0x0000000080000000, 0x0000000100000000)
  region size 1024K, 11 young (11264K), 2 survivors (2048K)
 Metaspace       used 129605K, capacity 132750K, committed 132992K, reserved 1165312K
  class space    used 16162K, capacity 17279K, committed 17280K, reserved 1048576K
}
Event: 63.394 GC heap after
{Heap after GC invocations=80 (full 0):
 garbage-first heap   total 270336K, used 161986K [0x0000000080000000, 0x0000000100000000)
  region size 1024K, 1 young (1024K), 1 survivors (1024K)
 Metaspace       used 129605K, capacity 132750K, committed 132992K, reserved 1165312K
  class space    used 16162K, capacity 17279K, committed 17280K, reserved 1048576K
}
Event: 64.074 GC heap before
{Heap before GC invocations=80 (full 0):
 garbage-first heap   total 270336K, used 196802K [0x0000000080000000, 0x0000000100000000)
  region size 1024K, 36 young (36864K), 1 survivors (1024K)
 Metaspace       used 130450K, capacity 133588K, committed 133632K, reserved 1165312K
  class space    used 16251K, capacity 17383K, committed 17408K, reserved 1048576K
}
Event: 64.083 GC heap after
{Heap after GC invocations=81 (full 0):
 garbage-first heap   total 270336K, used 165123K [0x0000000080000000, 0x0000000100000000)
  region size 1024K, 4 young (4096K), 4 survivors (4096K)
 Metaspace       used 130450K, capacity 133588K, committed 133632K, reserved 1165312K
  class space    used 16251K, capacity 17383K, committed 17408K, reserved 1048576K
}
Event: 65.369 GC heap before
{Heap before GC invocations=81 (full 0):
 garbage-first heap   total 270336K, used 201987K [0x0000000080000000, 0x0000000100000000)
  region size 1024K, 41 young (41984K), 4 survivors (4096K)
 Metaspace       used 132385K, capacity 135620K, committed 135936K, reserved 1167360K
  class space    used 16455K, capacity 17567K, committed 17664K, reserved 1048576K
}
Event: 65.408 GC heap after
{Heap after GC invocations=82 (full 0):
 garbage-first heap   total 270336K, used 167643K [0x0000000080000000, 0x0000000100000000)
  region size 1024K, 4 young (4096K), 4 survivors (4096K)
 Metaspace       used 132385K, capacity 135620K, committed 135936K, reserved 1167360K
  class space    used 16455K, capacity 17567K, committed 17664K, reserved 1048576K
}
Event: 66.214 GC heap before
{Heap before GC invocations=82 (full 0):
 garbage-first heap   total 270336K, used 206555K [0x0000000080000000, 0x0000000100000000)
  region size 1024K, 43 young (44032K), 4 survivors (4096K)
 Metaspace       used 132854K, capacity 136084K, committed 136192K, reserved 1167360K
  class space    used 16501K, capacity 17642K, committed 17664K, reserved 1048576K
}
Event: 66.228 GC heap after
{Heap after GC invocations=83 (full 0):
 garbage-first heap   total 270336K, used 171170K [0x0000000080000000, 0x0000000100000000)
  region size 1024K, 4 young (4096K), 4 survivors (4096K)
 Metaspace       used 132854K, capacity 136084K, committed 136192K, reserved 1167360K
  class space    used 16501K, capacity 17642K, committed 17664K, reserved 1048576K
}
Event: 67.711 GC heap before
{Heap before GC invocations=83 (full 0):
 garbage-first heap   total 270336K, used 211106K [0x0000000080000000, 0x0000000100000000)
  region size 1024K, 44 young (45056K), 4 survivors (4096K)
 Metaspace       used 136566K, capacity 139870K, committed 140160K, reserved 1171456K
  class space    used 17011K, capacity 18184K, committed 18304K, reserved 1048576K
}
Event: 67.732 GC heap after
{Heap after GC invocations=84 (full 0):
 garbage-first heap   total 390144K, used 172182K [0x0000000080000000, 0x0000000100000000)
  region size 1024K, 2 young (2048K), 2 survivors (2048K)
 Metaspace       used 136566K, capacity 139870K, committed 140160K, reserved 1171456K
  class space    used 17011K, capacity 18184K, committed 18304K, reserved 1048576K
}
Event: 70.154 GC heap before
{Heap before GC invocations=84 (full 0):
 garbage-first heap   total 390144K, used 307350K [0x0000000080000000, 0x0000000100000000)
  region size 1024K, 99 young (101376K), 2 survivors (2048K)
 Metaspace       used 143923K, capacity 147640K, committed 147712K, reserved 1177600K
  class space    used 18092K, capacity 19449K, committed 19456K, reserved 1048576K
}
Event: 70.204 GC heap after
{Heap after GC invocations=85 (full 0):
 garbage-first heap   total 390144K, used 211611K [0x0000000080000000, 0x0000000100000000)
  region size 1024K, 13 young (13312K), 13 survivors (13312K)
 Metaspace       used 143923K, capacity 147640K, committed 147712K, reserved 1177600K
  class space    used 18092K, capacity 19449K, committed 19456K, reserved 1048576K
}
Event: 71.182 GC heap before
{Heap before GC invocations=85 (full 0):
 garbage-first heap   total 390144K, used 295579K [0x0000000080000000, 0x0000000100000000)
  region size 1024K, 94 young (96256K), 13 survivors (13312K)
 Metaspace       used 145349K, capacity 149167K, committed 149376K, reserved 1179648K
  class space    used 18365K, capacity 19721K, committed 19840K, reserved 1048576K
}
Event: 71.283 GC heap after
{Heap after GC invocations=86 (full 0):
 garbage-first heap   total 390144K, used 250880K [0x0000000080000000, 0x0000000100000000)
  region size 1024K, 12 young (12288K), 12 survivors (12288K)
 Metaspace       used 145349K, capacity 149167K, committed 149376K, reserved 1179648K
  class space    used 18365K, capacity 19721K, committed 19840K, reserved 1048576K
}
Event: 72.069 GC heap before
{Heap before GC invocations=86 (full 0):
 garbage-first heap   total 390144K, used 304128K [0x0000000080000000, 0x0000000100000000)
  region size 1024K, 64 young (65536K), 12 survivors (12288K)
 Metaspace       used 145921K, capacity 149824K, committed 150016K, reserved 1179648K
  class space    used 18443K, capacity 19865K, committed 19968K, reserved 1048576K
}
Event: 72.119 GC heap after
{Heap after GC invocations=87 (full 0):
 garbage-first heap   total 390144K, used 270336K [0x0000000080000000, 0x0000000100000000)
  region size 1024K, 8 young (8192K), 8 survivors (8192K)
 Metaspace       used 145921K, capacity 149824K, committed 150016K, reserved 1179648K
  class space    used 18443K, capacity 19865K, committed 19968K, reserved 1048576K
}
Event: 73.322 GC heap before
{Heap before GC invocations=87 (full 0):
 garbage-first heap   total 390144K, used 312320K [0x0000000080000000, 0x0000000100000000)
  region size 1024K, 50 young (51200K), 8 survivors (8192K)
 Metaspace       used 146149K, capacity 150101K, committed 150272K, reserved 1179648K
  class space    used 18458K, capacity 19884K, committed 19968K, reserved 1048576K
}

